[debug] [2024-12-07T17:18:05.286Z] ----------------------------------------------------------------------
[debug] [2024-12-07T17:18:05.289Z] Command:       C:\Program Files\nodejs\node.exe C:\Users\AB\AppData\Roaming\npm\node_modules\firebase-tools\lib\bin\firebase.js init hosting
[debug] [2024-12-07T17:18:05.290Z] CLI Version:   13.28.0
[debug] [2024-12-07T17:18:05.290Z] Platform:      win32
[debug] [2024-12-07T17:18:05.290Z] Node Version:  v23.2.0
[debug] [2024-12-07T17:18:05.290Z] Time:          Sat Dec 07 2024 18:18:05 GMT+0100 (heure normale d’Afrique de l’Ouest)
[debug] [2024-12-07T17:18:05.291Z] ----------------------------------------------------------------------
[debug] 
[debug] [2024-12-07T17:18:05.294Z] >>> [apiv2][query] GET https://firebase-public.firebaseio.com/cli.json [none]
[debug] [2024-12-07T17:18:05.418Z] > command requires scopes: ["email","openid","https://www.googleapis.com/auth/cloudplatformprojects.readonly","https://www.googleapis.com/auth/firebase","https://www.googleapis.com/auth/cloud-platform"]
[debug] [2024-12-07T17:18:05.418Z] > authorizing via signed-in user (ela.bouzazi@gmail.com)
[info] 
     ######## #### ########  ######## ########     ###     ######  ########
     ##        ##  ##     ## ##       ##     ##  ##   ##  ##       ##
     ######    ##  ########  ######   ########  #########  ######  ######
     ##        ##  ##    ##  ##       ##     ## ##     ##       ## ##
     ##       #### ##     ## ######## ########  ##     ##  ######  ########

You're about to initialize a Firebase project in this directory:

  C:\Users\AB\OneDrive\Documents\Projet marketplace\marketplace

Before we get started, keep in mind:

  * You are initializing within an existing Firebase project directory

[debug] [2024-12-07T17:18:07.158Z] <<< [apiv2][status] GET https://firebase-public.firebaseio.com/cli.json 200
[debug] [2024-12-07T17:18:07.158Z] <<< [apiv2][body] GET https://firebase-public.firebaseio.com/cli.json {"cloudBuildErrorAfter":1594252800000,"cloudBuildWarnAfter":1590019200000,"defaultNode10After":1594252800000,"minVersion":"3.0.5","node8DeploysDisabledAfter":1613390400000,"node8RuntimeDisabledAfter":1615809600000,"node8WarnAfter":1600128000000}
[info] 
=== Project Setup
[info] 
[info] First, let's associate this project directory with a Firebase project.
[info] You can create multiple project aliases by running firebase use --add, 
[info] but for now we'll just set up a default project.
[info] 
[debug] [2024-12-07T17:18:43.007Z] Using project from CLI flag: projet-web-4d181
[debug] [2024-12-07T17:18:43.008Z] Checked if tokens are valid: false, expires at: 1733439877374
[debug] [2024-12-07T17:18:43.008Z] Checked if tokens are valid: false, expires at: 1733439877374
[debug] [2024-12-07T17:18:43.009Z] > refreshing access token with scopes: []
[debug] [2024-12-07T17:18:43.010Z] >>> [apiv2][query] POST https://www.googleapis.com/oauth2/v3/token [none]
[debug] [2024-12-07T17:18:43.010Z] >>> [apiv2][body] POST https://www.googleapis.com/oauth2/v3/token [omitted]
[debug] [2024-12-07T17:18:45.317Z] <<< [apiv2][status] POST https://www.googleapis.com/oauth2/v3/token 200
[debug] [2024-12-07T17:18:45.318Z] <<< [apiv2][body] POST https://www.googleapis.com/oauth2/v3/token [omitted]
[debug] [2024-12-07T17:18:45.335Z] >>> [apiv2][query] GET https://firebase.googleapis.com/v1beta1/projects/projet-web-4d181 [none]
[debug] [2024-12-07T17:18:47.872Z] <<< [apiv2][status] GET https://firebase.googleapis.com/v1beta1/projects/projet-web-4d181 200
[debug] [2024-12-07T17:18:47.872Z] <<< [apiv2][body] GET https://firebase.googleapis.com/v1beta1/projects/projet-web-4d181 {"projectId":"projet-web-4d181","projectNumber":"584690723402","displayName":"projet-web","name":"projects/projet-web-4d181","resources":{"hostingSite":"projet-web-4d181"},"state":"ACTIVE","etag":"1_b9bb7acb-8f08-4de3-bed9-e97b282dd0c7"}
[info] i  Using project projet-web-4d181 (projet-web) 
[info] 
=== Hosting Setup
[debug] [2024-12-07T17:18:47.882Z] Checked if tokens are valid: true, expires at: 1733595524318
[debug] [2024-12-07T17:18:47.882Z] Checked if tokens are valid: true, expires at: 1733595524318
[debug] [2024-12-07T17:18:47.883Z] >>> [apiv2][query] GET https://firebase.googleapis.com/v1beta1/projects/projet-web-4d181 [none]
[debug] [2024-12-07T17:18:48.682Z] <<< [apiv2][status] GET https://firebase.googleapis.com/v1beta1/projects/projet-web-4d181 200
[debug] [2024-12-07T17:18:48.682Z] <<< [apiv2][body] GET https://firebase.googleapis.com/v1beta1/projects/projet-web-4d181 {"projectId":"projet-web-4d181","projectNumber":"584690723402","displayName":"projet-web","name":"projects/projet-web-4d181","resources":{"hostingSite":"projet-web-4d181"},"state":"ACTIVE","etag":"1_b9bb7acb-8f08-4de3-bed9-e97b282dd0c7"}
[info] 
[info] Your public directory is the folder (relative to your project directory) that
[info] will contain Hosting assets to be uploaded with firebase deploy. If you
[info] have a build process for your assets, use your build's output directory.
[info] 
